1738385073770	geckodriver	INFO	Listening on 127.0.0.1:56002
1738385076892	mozrunner::runner	INFO	Running command: "C:\\Users\\hp\\.cache\\selenium\\firefox\\win64\\134.0.2\\firefox.exe" "--marionette" "--remote-debugging-p ... 6003" "--remote-allow-hosts" "localhost" "-no-remote" "-profile" "C:\\Users\\hp\\AppData\\Local\\Temp\\rust_mozprofileCOVb9O"
console.warn: services.settings: Ignoring preference override of remote settings server
console.warn: services.settings: Allow by setting MOZ_REMOTE_SETTINGS_DEVTOOLS=1 in the environment
Dynamically enable window occlusion 0
1738385078454	Marionette	INFO	Marionette enabled
1738385079026	Marionette	INFO	Listening on port 56030
Read port: 56030
WebDriver BiDi listening on ws://127.0.0.1:56003
1738385079333	RemoteAgent	WARN	TLS certificate errors will be ignored for this session
console.error: (new TypeError("NetworkError: Network request failed", "resource://services-settings/Utils.sys.mjs", 238))
1738385097399	Marionette	INFO	Stopped listening on port 56030
Dynamically enable window occlusion 1
console.warn: services.settings: main/partitioning-exempt-urls sync interrupted by shutdown
console.error: services.settings: 
  main/fingerprinting-protection-overrides Signature failed  TypeError: NetworkError: Network request failed
console.error: (new NetworkError("Network error: TypeError: NetworkError: Network request failed", "resource://services-settings/RemoteSettingsClient.sys.mjs", 107))
console.error: services.settings: 
  main/search-categorization Signature failed  TypeError: NetworkError: Network request failed
console.error: (new NetworkError("Network error: TypeError: NetworkError: Network request failed", "resource://services-settings/RemoteSettingsClient.sys.mjs", 107))
