1738385068455	geckodriver	INFO	Listening on 127.0.0.1:55987
1738385071642	mozrunner::runner	INFO	Running command: "C:\\Users\\hp\\.cache\\selenium\\firefox\\win64\\134.0.2\\firefox.exe" "--marionette" "--remote-debugging-p ... 5988" "--remote-allow-hosts" "localhost" "-no-remote" "-profile" "C:\\Users\\hp\\AppData\\Local\\Temp\\rust_mozprofileFLDGHP"
console.warn: services.settings: Ignoring preference override of remote settings server
console.warn: services.settings: Allow by setting MOZ_REMOTE_SETTINGS_DEVTOOLS=1 in the environment
Dynamically enable window occlusion 0
1738385073218	Marionette	INFO	Marionette enabled
1738385073992	Marionette	INFO	Listening on port 56016
WebDriver BiDi listening on ws://127.0.0.1:55988
Read port: 56016
1738385074575	RemoteAgent	WARN	TLS certificate errors will be ignored for this session
[GFX1-]: Calling WaitFlushedEvent::Run: is delayed: 2411
DevTools listening on ws://127.0.0.1:55988/devtools/browser/5c29a0bb-8055-4ace-89cd-44e0bfb09c62
1738385096285	Marionette	INFO	Stopped listening on port 56016
Dynamically enable window occlusion 1
console.warn: services.settings: main/partitioning-exempt-urls sync interrupted by shutdown
console.error: services.settings: 
  main/tracking-protection-lists Signature failed  TypeError: NetworkError: Network request failed
console.error: (new NetworkError("Network error: TypeError: NetworkError: Network request failed", "resource://services-settings/RemoteSettingsClient.sys.mjs", 107))
console.error: services.settings: 
  main/fingerprinting-protection-overrides Signature failed  TypeError: NetworkError: Network request failed
console.error: (new NetworkError("Network error: TypeError: NetworkError: Network request failed", "resource://services-settings/RemoteSettingsClient.sys.mjs", 107))
console.error: services.settings: 
  main/query-stripping Signature failed  TypeError: NetworkError: Network request failed
console.error: (new NetworkError("Network error: TypeError: NetworkError: Network request failed", "resource://services-settings/RemoteSettingsClient.sys.mjs", 107))
